=== LaTeX Error ===
Time: 2025-04-12 19:31:59

Additional Information:
Source: compilation
Return Code: 1

Error Content:
This is pdfTeX, Version 3.141592653-2.6-1.40.27 (TeX Live 2025) (preloaded format=pdflatex)
 restricted \write18 enabled.
entering extended mode
(./preview.tex
LaTeX2e <2024-11-01> patch level 2
L3 programming layer <2025-01-18>
(c:/texlive/2025/texmf-dist/tex/latex/base/article.cls
Document Class: article 2024/06/29 v1.4n Standard LaTeX document class
(c:/texlive/2025/texmf-dist/tex/latex/base/size12.clo))
(c:/texlive/2025/texmf-dist/tex/latex/amsmath/amsmath.sty
For additional information on amsmath, use the `?' option.
(c:/texlive/2025/texmf-dist/tex/latex/amsmath/amstext.sty
(c:/texlive/2025/texmf-dist/tex/latex/amsmath/amsgen.sty))
(c:/texlive/2025/texmf-dist/tex/latex/amsmath/amsbsy.sty)
(c:/texlive/2025/texmf-dist/tex/latex/amsmath/amsopn.sty))
(c:/texlive/2025/texmf-dist/tex/latex/amsfonts/amssymb.sty
(c:/texlive/2025/texmf-dist/tex/latex/amsfonts/amsfonts.sty))
(c:/texlive/2025/texmf-dist/tex/latex/graphics/graphicx.sty
(c:/texlive/2025/texmf-dist/tex/latex/graphics/keyval.sty)
(c:/texlive/2025/texmf-dist/tex/latex/graphics/graphics.sty
(c:/texlive/2025/texmf-dist/tex/latex/graphics/trig.sty)
(c:/texlive/2025/texmf-dist/tex/latex/graphics-cfg/graphics.cfg)
(c:/texlive/2025/texmf-dist/tex/latex/graphics-def/pdftex.def)))
(c:/texlive/2025/texmf-dist/tex/latex/geometry/geometry.sty
(c:/texlive/2025/texmf-dist/tex/generic/iftex/ifvtex.sty
(c:/texlive/2025/texmf-dist/tex/generic/iftex/iftex.sty)))
(c:/texlive/2025/texmf-dist/tex/latex/setspace/setspace.sty)
(c:/texlive/2025/texmf-dist/tex/latex/lm/lmodern.sty)
(c:/texlive/2025/texmf-dist/tex/latex/lm/ot1lmr.fd)
(c:/texlive/2025/texmf-dist/tex/latex/l3backend/l3backend-pdftex.def)
(./preview.aux) (c:/texlive/2025/texmf-dist/tex/context/base/mkii/supp-pdf.mkii

[Loading MPS to PDF converter (version 2006.09.02).]
) (c:/texlive/2025/texmf-dist/tex/latex/epstopdf-pkg/epstopdf-base.sty
(c:/texlive/2025/texmf-dist/tex/latex/latexconfig/epstopdf-sys.cfg))
*geometry* driver: auto-detecting
*geometry* detected driver: pdftex
! Undefined control sequence.
\selectfont  ...{\csname \curr@fontshape /\f@size 
                                                  \endcsname }\pickup@font \...
l.43   2x + 3 = 7 \textbf{Question:}
                                     What is the value of x?
! Undefined control sequence.
\selectfont  ...{\csname \curr@fontshape /\f@size 
                                                  \endcsname }\pickup@font \...
l.43   2x + 3 = 7 \textbf{Question:}
                                     What is the value of x?
! Undefined control sequence.
\selectfont  ...{\csname \curr@fontshape /\f@size 
                                                  \endcsname }\pickup@font \...
l.43   2x + 3 = 7 \textbf{Question:}
                                     What is the value of x?
! Undefined control sequence.
\selectfont  ...{\csname \curr@fontshape /\f@size 
                                                  \endcsname }\pickup@font \...
l.43   2x + 3 = 7 \textbf{Question:}
                                     What is the value of x?
! Math formula deleted: Insufficient symbol fonts.
\endmathdisplay ...badmath \fi \endmathdisplay@a $
                                                  $\global \let \df@label \@...
l.44 \end{equation}
                   
! Math formula deleted: Insufficient symbol fonts.
<to be read again> 
                   \@ignorefalse \mv@normal@reset \mv@bold@reset \ignorespaces 
l.44 \end{equation}
                   

[1{c:/texlive/2025/texmf-var/fonts/map/pdftex/updmap/pdftex.map}{c:/texlive/202
5/texmf-dist/fonts/enc/dvips/lm/lm-rm.enc}] (./preview.aux) )
(see the transcript file for additional information)<c:/texlive/2025/texmf-dist
/fonts/type1/public/lm/lmbx12.pfb><c:/texlive/2025/texmf-dist/fonts/type1/publi
c/lm/lmr12.pfb>
Output written on preview.pdf (1 page, 46802 bytes).
Transcript written on preview.log.


