=== LaTeX Error ===
Time: 2025-04-12 17:51:47

Additional Information:
Source: compilation
Return Code: 1

Error Content:
This is pdfTeX, Version 3.141592653-2.6-1.40.27 (TeX Live 2025) (preloaded format=pdflatex)
 restricted \write18 enabled.
entering extended mode
(./preview.tex
LaTeX2e <2024-11-01> patch level 2
L3 programming layer <2025-01-18>
(c:/texlive/2025/texmf-dist/tex/latex/extsizes/extarticle.cls
Document Class: extarticle 1996/10/08 v1.0 Non Standard LaTeX document class
(c:/texlive/2025/texmf-dist/tex/latex/extsizes/size20.clo)
(c:/texlive/2025/texmf-dist/tex/latex/base/exscale.sty))
(c:/texlive/2025/texmf-dist/tex/latex/amsmath/amsmath.sty
For additional information on amsmath, use the `?' option.
(c:/texlive/2025/texmf-dist/tex/latex/amsmath/amstext.sty
(c:/texlive/2025/texmf-dist/tex/latex/amsmath/amsgen.sty))
(c:/texlive/2025/texmf-dist/tex/latex/amsmath/amsbsy.sty)
(c:/texlive/2025/texmf-dist/tex/latex/amsmath/amsopn.sty))
(c:/texlive/2025/texmf-dist/tex/latex/amsfonts/amssymb.sty
(c:/texlive/2025/texmf-dist/tex/latex/amsfonts/amsfonts.sty))
(c:/texlive/2025/texmf-dist/tex/latex/graphics/graphicx.sty
(c:/texlive/2025/texmf-dist/tex/latex/graphics/keyval.sty)
(c:/texlive/2025/texmf-dist/tex/latex/graphics/graphics.sty
(c:/texlive/2025/texmf-dist/tex/latex/graphics/trig.sty)
(c:/texlive/2025/texmf-dist/tex/latex/graphics-cfg/graphics.cfg)
(c:/texlive/2025/texmf-dist/tex/latex/graphics-def/pdftex.def)))
(c:/texlive/2025/texmf-dist/tex/latex/geometry/geometry.sty
(c:/texlive/2025/texmf-dist/tex/generic/iftex/ifvtex.sty
(c:/texlive/2025/texmf-dist/tex/generic/iftex/iftex.sty)))
(c:/texlive/2025/texmf-dist/tex/latex/l3backend/l3backend-pdftex.def)
(./preview.aux) (c:/texlive/2025/texmf-dist/tex/context/base/mkii/supp-pdf.mkii

[Loading MPS to PDF converter (version 2006.09.02).]
) (c:/texlive/2025/texmf-dist/tex/latex/epstopdf-pkg/epstopdf-base.sty
(c:/texlive/2025/texmf-dist/tex/latex/latexconfig/epstopdf-sys.cfg))
*geometry* driver: auto-detecting
*geometry* detected driver: pdftex

LaTeX Font Warning: Font shape `OT1/cmr/m/n' in size <20> not available
(Font)              size <20.74> substituted on input line 14.


LaTeX Font Warning: Font shape `OT1/cmr/m/n' in size <13.99994> not available
(Font)              size <14.4> substituted on input line 20.


LaTeX Font Warning: Font shape `OML/cmm/m/it' in size <20> not available
(Font)              size <20.74> substituted on input line 20.


LaTeX Font Warning: Font shape `OML/cmm/m/it' in size <13.99994> not available
(Font)              size <14.4> substituted on input line 20.


LaTeX Font Warning: Font shape `OMS/cmsy/m/n' in size <20> not available
(Font)              size <20.74> substituted on input line 20.


LaTeX Font Warning: Font shape `OMS/cmsy/m/n' in size <13.99994> not available
(Font)              size <14.4> substituted on input line 20.

(c:/texlive/2025/texmf-dist/tex/latex/amsfonts/umsa.fd)
(c:/texlive/2025/texmf-dist/tex/latex/amsfonts/umsb.fd)
! Undefined control sequence.
l.22 \question
              {What is the value of x??}

[1{c:/texlive/2025/texmf-var/fonts/map/pdftex/updmap/pdftex.map}]
(./preview.aux)

LaTeX Font Warning: Size substitutions with differences
(Font)              up to 0.74pt have occurred.

 )
(see the transcript file for additional information)<c:/texlive/2025/texmf-dist
/fonts/type1/public/amsfonts/cm/cmbx12.pfb><c:/texlive/2025/texmf-dist/fonts/ty
pe1/public/amsfonts/cm/cmmi12.pfb><c:/texlive/2025/texmf-dist/fonts/type1/publi
c/amsfonts/cm/cmr17.pfb>
Output written on preview.pdf (1 page, 33165 bytes).
Transcript written on preview.log.


