=== LaTeX Error ===
Time: 2025-04-12 20:15:14

Additional Information:
Source: compilation
Return Code: 1

Error Content:
This is pdfTeX, Version 3.141592653-2.6-1.40.27 (TeX Live 2025) (preloaded format=pdflatex)
 restricted \write18 enabled.
entering extended mode
(./preview.tex
LaTeX2e <2024-11-01> patch level 2
L3 programming layer <2025-01-18>
(c:/texlive/2025/texmf-dist/tex/latex/extsizes/extarticle.cls
Document Class: extarticle 1996/10/08 v1.0 Non Standard LaTeX document class
(c:/texlive/2025/texmf-dist/tex/latex/extsizes/size8.clo)
(c:/texlive/2025/texmf-dist/tex/latex/base/exscale.sty))
(c:/texlive/2025/texmf-dist/tex/latex/amsmath/amsmath.sty
For additional information on amsmath, use the `?' option.
(c:/texlive/2025/texmf-dist/tex/latex/amsmath/amstext.sty
(c:/texlive/2025/texmf-dist/tex/latex/amsmath/amsgen.sty))
(c:/texlive/2025/texmf-dist/tex/latex/amsmath/amsbsy.sty)
(c:/texlive/2025/texmf-dist/tex/latex/amsmath/amsopn.sty))
(c:/texlive/2025/texmf-dist/tex/latex/amsfonts/amssymb.sty
(c:/texlive/2025/texmf-dist/tex/latex/amsfonts/amsfonts.sty))
(c:/texlive/2025/texmf-dist/tex/latex/graphics/graphicx.sty
(c:/texlive/2025/texmf-dist/tex/latex/graphics/keyval.sty)
(c:/texlive/2025/texmf-dist/tex/latex/graphics/graphics.sty
(c:/texlive/2025/texmf-dist/tex/latex/graphics/trig.sty)
(c:/texlive/2025/texmf-dist/tex/latex/graphics-cfg/graphics.cfg)
(c:/texlive/2025/texmf-dist/tex/latex/graphics-def/pdftex.def)))
(c:/texlive/2025/texmf-dist/tex/latex/geometry/geometry.sty
(c:/texlive/2025/texmf-dist/tex/generic/iftex/ifvtex.sty
(c:/texlive/2025/texmf-dist/tex/generic/iftex/iftex.sty)))
(c:/texlive/2025/texmf-dist/tex/latex/setspace/setspace.sty)
(c:/texlive/2025/texmf-dist/tex/latex/l3backend/l3backend-pdftex.def)
(./preview.aux) (c:/texlive/2025/texmf-dist/tex/context/base/mkii/supp-pdf.mkii

[Loading MPS to PDF converter (version 2006.09.02).]
) (c:/texlive/2025/texmf-dist/tex/latex/epstopdf-pkg/epstopdf-base.sty
(c:/texlive/2025/texmf-dist/tex/latex/latexconfig/epstopdf-sys.cfg))
*geometry* driver: auto-detecting
*geometry* detected driver: pdftex
(c:/texlive/2025/texmf-dist/tex/latex/amsfonts/umsa.fd)
(c:/texlive/2025/texmf-dist/tex/latex/amsfonts/umsb.fd)
! Missing $ inserted.
<inserted text> 
                $
l.39 
     
! Display math should end with $$.
<to be read again> 
                   \tex_par:D 
l.39 
     

! LaTeX Error: Bad math environment delimiter.

See the LaTeX manual or LaTeX Companion for explanation.
Type  H <return>  for immediate help.
 ...                                              
                                                  
l.41 \end{equation}
                   
! You can't use `\eqno' in horizontal mode.
\veqno ->\@kernel@eqno 
                       \aftergroup \ignorespaces 
l.41 \end{equation}
                   
! Missing $ inserted.
<inserted text> 
                $
l.41 \end{equation}
                   
! Display math should end with $$.
<to be read again> 
                   \endgroup 
l.41 \end{equation}
                   

[1{c:/texlive/2025/texmf-var/fonts/map/pdftex/updmap/pdftex.map}]
(./preview.aux) )
(see the transcript file for additional information)<c:/texlive/2025/texmf-dist
/fonts/type1/public/amsfonts/cm/cmbx8.pfb><c:/texlive/2025/texmf-dist/fonts/typ
e1/public/amsfonts/cm/cmmi8.pfb><c:/texlive/2025/texmf-dist/fonts/type1/public/
amsfonts/cm/cmr8.pfb>
Output written on preview.pdf (1 page, 32884 bytes).
Transcript written on preview.log.


